<?xml version="1.0" encoding="UTF-8"?>
<testsuite name="JUnit Jupiter" tests="10" skipped="0" failures="0" errors="0" time="0.105" hostname="MYDESKDESK" timestamp="2026-01-11T14:20:40">
<properties>
[...]
</properties>
<testcase name="testExtractCategory()" classname="com.recommendation.test.DataLoaderTest" time="0">
<system-out><![CDATA[
unique-id: [engine:junit-jupiter]/[class:com.recommendation.test.DataLoaderTest]/[method:testExtractCategory()]
display-name: testExtractCategory()
]]></system-out>
</testcase>
<testcase name="testFitAndVocabSize()" classname="com.recommendation.test.TFIDFVectorizerTest" time="0.027">
<system-out><![CDATA[
unique-id: [engine:junit-jupiter]/[class:com.recommendation.test.TFIDFVectorizerTest]/[method:testFitAndVocabSize()]
display-name: testFitAndVocabSize()
]]></system-out>
</testcase>
<testcase name="testCategoryStats()" classname="com.recommendation.test.RecommendationEngineTest" time="0.011">
<system-out><![CDATA[
unique-id: [engine:junit-jupiter]/[class:com.recommendation.test.RecommendationEngineTest]/[method:testCategoryStats()]
display-name: testCategoryStats()
]]></system-out>
</testcase>
<testcase name="testPriceRange()" classname="com.recommendation.test.RecommendationEngineTest" time="0.001">
<system-out><![CDATA[
unique-id: [engine:junit-jupiter]/[class:com.recommendation.test.RecommendationEngineTest]/[method:testPriceRange()]
display-name: testPriceRange()
]]></system-out>
</testcase>
<testcase name="testParseRating()" classname="com.recommendation.test.DataLoaderTest" time="0">
<system-out><![CDATA[
unique-id: [engine:junit-jupiter]/[class:com.recommendation.test.DataLoaderTest]/[method:testParseRating()]
display-name: testParseRating()
]]></system-out>
</testcase>
<testcase name="testGenerateId()" classname="com.recommendation.test.DataLoaderTest" time="0">
<system-out><![CDATA[
unique-id: [engine:junit-jupiter]/[class:com.recommendation.test.DataLoaderTest]/[method:testGenerateId()]
display-name: testGenerateId()
]]></system-out>
</testcase>
<testcase name="testGetRecommendations()" classname="com.recommendation.test.RecommendationEngineTest" time="0.006">
<system-out><![CDATA[
unique-id: [engine:junit-jupiter]/[class:com.recommendation.test.RecommendationEngineTest]/[method:testGetRecommendations()]
display-name: testGetRecommendations()
]]></system-out>
</testcase>
<testcase name="testParsePrice()" classname="com.recommendation.test.DataLoaderTest" time="0.003">
<system-out><![CDATA[
unique-id: [engine:junit-jupiter]/[class:com.recommendation.test.DataLoaderTest]/[method:testParsePrice()]
display-name: testParsePrice()
]]></system-out>
</testcase>
<testcase name="testTransform()" classname="com.recommendation.test.TFIDFVectorizerTest" time="0.004">
<system-out><![CDATA[
unique-id: [engine:junit-jupiter]/[class:com.recommendation.test.TFIDFVectorizerTest]/[method:testTransform()]
display-name: testTransform()
]]></system-out>
</testcase>
<testcase name="testFilterByCategory()" classname="com.recommendation.test.RecommendationEngineTest" time="0.002">
<system-out><![CDATA[
unique-id: [engine:junit-jupiter]/[class:com.recommendation.test.RecommendationEngineTest]/[method:testFilterByCategory()]
display-name: testFilterByCategory()
]]></system-out>
</testcase>
<system-out><![CDATA[
unique-id: [engine:junit-jupiter]
display-name: JUnit Jupiter
]]></system-out>
</testsuite>
